  Tank_12008455.cpp
c:\users\mizukami\desktop\tank-artificial-intelligence\artificial intelligence\gameai-master\gameai\tank_12008455.cpp(92): warning C4244: 'initializing' : conversion from 'double' to 'float', possible loss of data
c:\users\mizukami\desktop\tank-artificial-intelligence\artificial intelligence\gameai-master\gameai\tank_12008455.cpp(93): warning C4244: 'initializing' : conversion from 'double' to 'float', possible loss of data
c:\users\mizukami\desktop\tank-artificial-intelligence\artificial intelligence\gameai-master\gameai\tank_12008455.cpp(131): warning C4244: 'argument' : conversion from 'double' to 'int', possible loss of data
c:\users\mizukami\desktop\tank-artificial-intelligence\artificial intelligence\gameai-master\gameai\tank_12008455.cpp(132): warning C4244: 'argument' : conversion from 'double' to 'int', possible loss of data
c:\users\mizukami\desktop\tank-artificial-intelligence\artificial intelligence\gameai-master\gameai\tank_12008455.cpp(133): warning C4244: 'argument' : conversion from 'double' to 'int', possible loss of data
c:\users\mizukami\desktop\tank-artificial-intelligence\artificial intelligence\gameai-master\gameai\tank_12008455.cpp(142): warning C4244: 'argument' : conversion from 'double' to 'int', possible loss of data
c:\users\mizukami\desktop\tank-artificial-intelligence\artificial intelligence\gameai-master\gameai\tank_12008455.cpp(143): warning C4244: 'argument' : conversion from 'double' to 'int', possible loss of data
c:\users\mizukami\desktop\tank-artificial-intelligence\artificial intelligence\gameai-master\gameai\tank_12008455.cpp(144): warning C4244: 'argument' : conversion from 'double' to 'int', possible loss of data
c:\users\mizukami\desktop\tank-artificial-intelligence\artificial intelligence\gameai-master\gameai\tank_12008455.cpp(153): warning C4244: 'argument' : conversion from 'float' to 'int', possible loss of data
c:\users\mizukami\desktop\tank-artificial-intelligence\artificial intelligence\gameai-master\gameai\tank_12008455.cpp(156): warning C4244: 'argument' : conversion from 'float' to 'int', possible loss of data
c:\users\mizukami\desktop\tank-artificial-intelligence\artificial intelligence\gameai-master\gameai\tank_12008455.cpp(159): warning C4244: 'argument' : conversion from 'float' to 'int', possible loss of data
c:\users\mizukami\desktop\tank-artificial-intelligence\artificial intelligence\gameai-master\gameai\tank_12008455.cpp(162): warning C4244: 'argument' : conversion from 'float' to 'int', possible loss of data
c:\users\mizukami\desktop\tank-artificial-intelligence\artificial intelligence\gameai-master\gameai\tank_12008455.cpp(380): warning C4244: 'argument' : conversion from 'float' to 'int', possible loss of data
c:\users\mizukami\desktop\tank-artificial-intelligence\artificial intelligence\gameai-master\gameai\tank_12008455.cpp(381): warning C4244: 'argument' : conversion from 'float' to 'int', possible loss of data
c:\users\mizukami\desktop\tank-artificial-intelligence\artificial intelligence\gameai-master\gameai\tank_12008455.cpp(382): warning C4244: 'argument' : conversion from 'float' to 'int', possible loss of data
c:\users\mizukami\desktop\tank-artificial-intelligence\artificial intelligence\gameai-master\gameai\tank_12008455.cpp(383): warning C4244: 'argument' : conversion from 'float' to 'int', possible loss of data
c:\users\mizukami\desktop\tank-artificial-intelligence\artificial intelligence\gameai-master\gameai\tank_12008455.cpp(398): warning C4244: 'argument' : conversion from 'float' to 'int', possible loss of data
c:\users\mizukami\desktop\tank-artificial-intelligence\artificial intelligence\gameai-master\gameai\tank_12008455.cpp(413): warning C4244: 'argument' : conversion from 'float' to 'int', possible loss of data
c:\users\mizukami\desktop\tank-artificial-intelligence\artificial intelligence\gameai-master\gameai\tank_12008455.cpp(419): warning C4244: 'argument' : conversion from 'float' to 'int', possible loss of data
c:\users\mizukami\desktop\tank-artificial-intelligence\artificial intelligence\gameai-master\gameai\tank_12008455.cpp(433): warning C4244: 'argument' : conversion from 'float' to 'int', possible loss of data
c:\users\mizukami\desktop\tank-artificial-intelligence\artificial intelligence\gameai-master\gameai\tank_12008455.cpp(442): warning C4244: 'argument' : conversion from 'float' to 'int', possible loss of data
c:\users\mizukami\desktop\tank-artificial-intelligence\artificial intelligence\gameai-master\gameai\tank_12008455.cpp(464): warning C4244: 'initializing' : conversion from 'double' to 'float', possible loss of data
c:\users\mizukami\desktop\tank-artificial-intelligence\artificial intelligence\gameai-master\gameai\tank_12008455.cpp(617): warning C4244: '=' : conversion from 'int' to 'float', possible loss of data
c:\users\mizukami\desktop\tank-artificial-intelligence\artificial intelligence\gameai-master\gameai\tank_12008455.cpp(621): warning C4244: 'argument' : conversion from 'float' to 'int', possible loss of data
c:\users\mizukami\desktop\tank-artificial-intelligence\artificial intelligence\gameai-master\gameai\tank_12008455.cpp(627): warning C4244: 'initializing' : conversion from 'double' to 'float', possible loss of data
c:\users\mizukami\desktop\tank-artificial-intelligence\artificial intelligence\gameai-master\gameai\tank_12008455.cpp(628): warning C4244: 'initializing' : conversion from 'double' to 'float', possible loss of data
c:\users\mizukami\desktop\tank-artificial-intelligence\artificial intelligence\gameai-master\gameai\tank_12008455.cpp(629): warning C4244: 'initializing' : conversion from 'double' to 'float', possible loss of data
c:\users\mizukami\desktop\tank-artificial-intelligence\artificial intelligence\gameai-master\gameai\tank_12008455.cpp(630): warning C4244: 'initializing' : conversion from 'double' to 'float', possible loss of data
c:\users\mizukami\desktop\tank-artificial-intelligence\artificial intelligence\gameai-master\gameai\tank_12008455.cpp(648): warning C4244: 'initializing' : conversion from 'double' to 'float', possible loss of data
c:\users\mizukami\desktop\tank-artificial-intelligence\artificial intelligence\gameai-master\gameai\tank_12008455.cpp(664): warning C4244: 'initializing' : conversion from 'double' to 'float', possible loss of data
c:\users\mizukami\desktop\tank-artificial-intelligence\artificial intelligence\gameai-master\gameai\tank_12008455.cpp(665): warning C4244: 'initializing' : conversion from 'double' to 'float', possible loss of data
c:\users\mizukami\desktop\tank-artificial-intelligence\artificial intelligence\gameai-master\gameai\tank_12008455.cpp(689): warning C4244: '=' : conversion from 'double' to 'float', possible loss of data
c:\users\mizukami\desktop\tank-artificial-intelligence\artificial intelligence\gameai-master\gameai\tank_12008455.cpp(691): warning C4244: 'initializing' : conversion from 'double' to 'float', possible loss of data
c:\users\mizukami\desktop\tank-artificial-intelligence\artificial intelligence\gameai-master\gameai\tank_12008455.cpp(692): warning C4244: 'initializing' : conversion from 'double' to 'float', possible loss of data
c:\users\mizukami\desktop\tank-artificial-intelligence\artificial intelligence\gameai-master\gameai\tank_12008455.cpp(693): warning C4244: 'initializing' : conversion from 'double' to 'float', possible loss of data
c:\users\mizukami\desktop\tank-artificial-intelligence\artificial intelligence\gameai-master\gameai\tank_12008455.cpp(694): warning C4244: 'initializing' : conversion from 'double' to 'float', possible loss of data
c:\users\mizukami\desktop\tank-artificial-intelligence\artificial intelligence\gameai-master\gameai\tank_12008455.cpp(696): warning C4244: 'argument' : conversion from 'float' to 'int', possible loss of data
c:\users\mizukami\desktop\tank-artificial-intelligence\artificial intelligence\gameai-master\gameai\tank_12008455.cpp(719): warning C4244: 'initializing' : conversion from 'double' to 'float', possible loss of data
c:\users\mizukami\desktop\tank-artificial-intelligence\artificial intelligence\gameai-master\gameai\tank_12008455.cpp(723): warning C4244: 'initializing' : conversion from 'double' to 'float', possible loss of data
c:\users\mizukami\desktop\tank-artificial-intelligence\artificial intelligence\gameai-master\gameai\tank_12008455.cpp(752): warning C4244: 'argument' : conversion from 'float' to 'int', possible loss of data
c:\users\mizukami\desktop\tank-artificial-intelligence\artificial intelligence\gameai-master\gameai\tank_12008455.cpp(784): warning C4244: 'initializing' : conversion from 'double' to 'float', possible loss of data
c:\users\mizukami\desktop\tank-artificial-intelligence\artificial intelligence\gameai-master\gameai\tank_12008455.cpp(786): warning C4018: '<' : signed/unsigned mismatch
c:\users\mizukami\desktop\tank-artificial-intelligence\artificial intelligence\gameai-master\gameai\tank_12008455.cpp(795): warning C4244: 'argument' : conversion from 'float' to 'int', possible loss of data
c:\users\mizukami\desktop\tank-artificial-intelligence\artificial intelligence\gameai-master\gameai\tank_12008455.cpp(815): warning C4244: 'argument' : conversion from 'float' to 'int', possible loss of data
c:\users\mizukami\desktop\tank-artificial-intelligence\artificial intelligence\gameai-master\gameai\tank_12008455.cpp(831): warning C4018: '<' : signed/unsigned mismatch
c:\users\mizukami\desktop\tank-artificial-intelligence\artificial intelligence\gameai-master\gameai\tank_12008455.cpp(832): warning C4244: 'argument' : conversion from 'float' to 'int', possible loss of data
c:\users\mizukami\desktop\tank-artificial-intelligence\artificial intelligence\gameai-master\gameai\tank_12008455.cpp(862): warning C4018: '<' : signed/unsigned mismatch
c:\users\mizukami\desktop\tank-artificial-intelligence\artificial intelligence\gameai-master\gameai\tank_12008455.cpp(866): warning C4018: '<' : signed/unsigned mismatch
c:\users\mizukami\desktop\tank-artificial-intelligence\artificial intelligence\gameai-master\gameai\tank_12008455.cpp(920): warning C4018: '<' : signed/unsigned mismatch
c:\users\mizukami\desktop\tank-artificial-intelligence\artificial intelligence\gameai-master\gameai\tank_12008455.cpp(929): warning C4244: '=' : conversion from 'double' to 'float', possible loss of data
c:\users\mizukami\desktop\tank-artificial-intelligence\artificial intelligence\gameai-master\gameai\tank_12008455.cpp(939): warning C4244: '=' : conversion from 'double' to 'float', possible loss of data
c:\users\mizukami\desktop\tank-artificial-intelligence\artificial intelligence\gameai-master\gameai\tank_12008455.cpp(948): warning C4018: '<' : signed/unsigned mismatch
c:\users\mizukami\desktop\tank-artificial-intelligence\artificial intelligence\gameai-master\gameai\tank_12008455.cpp(973): warning C4018: '<' : signed/unsigned mismatch
c:\users\mizukami\desktop\tank-artificial-intelligence\artificial intelligence\gameai-master\gameai\tank_12008455.cpp(980): warning C4018: '<' : signed/unsigned mismatch
c:\users\mizukami\desktop\tank-artificial-intelligence\artificial intelligence\gameai-master\gameai\tank_12008455.cpp(1010): warning C4018: '<' : signed/unsigned mismatch
c:\users\mizukami\desktop\tank-artificial-intelligence\artificial intelligence\gameai-master\gameai\tank_12008455.cpp(1019): warning C4018: '<' : signed/unsigned mismatch
c:\users\mizukami\desktop\tank-artificial-intelligence\artificial intelligence\gameai-master\gameai\tank_12008455.cpp(1070): warning C4018: '<' : signed/unsigned mismatch
  GameAI.vcxproj -> C:\Users\mizukami\Desktop\Tank-Artificial-Intelligence\Artificial Intelligence\GameAI-master\Debug\GameAI.exe
