E:\GAMEAI\GAMEAI\GAMEAI\DEBUG\BASETANK.OBJ
E:\GAMEAI\GAMEAI\GAMEAI\DEBUG\COLLISIONS.OBJ
E:\GAMEAI\GAMEAI\GAMEAI\DEBUG\GAMEOBJECT.OBJ
E:\GAMEAI\GAMEAI\GAMEAI\DEBUG\GAMESCREEN.OBJ
E:\GAMEAI\GAMEAI\GAMEAI\DEBUG\GAMESCREENLEVEL1.OBJ
E:\GAMEAI\GAMEAI\GAMEAI\DEBUG\GAMESCREENMANAGER.OBJ
E:\GAMEAI\GAMEAI\GAMEAI\DEBUG\LEVELMAP.OBJ
E:\GAMEAI\GAMEAI\GAMEAI\DEBUG\OBSTACLEMANAGER.OBJ
E:\GAMEAI\GAMEAI\GAMEAI\DEBUG\SOURCE.OBJ
E:\GAMEAI\GAMEAI\GAMEAI\DEBUG\TANKMANAGER.OBJ
E:\GAMEAI\GAMEAI\GAMEAI\DEBUG\TEXTURE2D.OBJ
E:\GAMEAI\GAMEAI\GAMEAI\DEBUG\TINYSTR.OBJ
E:\GAMEAI\GAMEAI\GAMEAI\DEBUG\TINYXML.OBJ
E:\GAMEAI\GAMEAI\GAMEAI\DEBUG\TINYXMLERROR.OBJ
E:\GAMEAI\GAMEAI\GAMEAI\DEBUG\TINYXMLPARSER.OBJ
E:\GAMEAI\GAMEAI\GAMEAI\DEBUG\WAYPOINT.OBJ
E:\GAMEAI\GAMEAI\GAMEAI\DEBUG\WAYPOINTMANAGER.OBJ
E:\GAMEAI\GAMEAI\GAMEAI\DEBUG\VC100.PDB
E:\GAMEAI\GAMEAI\GAMEAI\DEBUG\CONTROLLEDTANK.OBJ
E:\GAMEAI\GAMEAI\GAMEAI\DEBUG\BULLET.OBJ
E:\GAMEAI\GAMEAI\GAMEAI\DEBUG\BULLETMANAGER.OBJ
E:\GAMEAI\GAMEAI\GAMEAI\DEBUG\PROJECTILEMANAGER.OBJ
E:\GAMEAI\GAMEAI\GAMEAI\DEBUG\PROJECTILE.OBJ
E:\GAMEAI\GAMEAI\DEBUG\GAMEAI.ILK
E:\GAMEAI\GAMEAI\DEBUG\GAMEAI.EXE
E:\GAMEAI\GAMEAI\GAMEAI\DEBUG\GAMEAI.EXE.INTERMEDIATE.MANIFEST
E:\GAMEAI\GAMEAI\DEBUG\GAMEAI.PDB
C:\Users\pmr2\Documents\GitHub\GameAI\GameAI\Debug\BaseTank.obj
C:\Users\pmr2\Documents\GitHub\GameAI\GameAI\Debug\Bullet.obj
C:\Users\pmr2\Documents\GitHub\GameAI\GameAI\Debug\BulletManager.obj
C:\Users\pmr2\Documents\GitHub\GameAI\GameAI\Debug\Collisions.obj
C:\Users\pmr2\Documents\GitHub\GameAI\GameAI\Debug\ControlledTank.obj
C:\Users\pmr2\Documents\GitHub\GameAI\GameAI\Debug\GameObject.obj
C:\Users\pmr2\Documents\GitHub\GameAI\GameAI\Debug\GameScreen.obj
C:\Users\pmr2\Documents\GitHub\GameAI\GameAI\Debug\GameScreenLevel1.obj
C:\Users\pmr2\Documents\GitHub\GameAI\GameAI\Debug\GameScreenManager.obj
C:\Users\pmr2\Documents\GitHub\GameAI\GameAI\Debug\LevelMap.obj
C:\Users\pmr2\Documents\GitHub\GameAI\GameAI\Debug\ObstacleManager.obj
C:\Users\pmr2\Documents\GitHub\GameAI\GameAI\Debug\Projectile.obj
C:\Users\pmr2\Documents\GitHub\GameAI\GameAI\Debug\Source.obj
C:\Users\pmr2\Documents\GitHub\GameAI\GameAI\Debug\TankManager.obj
C:\Users\pmr2\Documents\GitHub\GameAI\GameAI\Debug\Texture2D.obj
C:\Users\pmr2\Documents\GitHub\GameAI\GameAI\Debug\tinystr.obj
C:\Users\pmr2\Documents\GitHub\GameAI\GameAI\Debug\tinyxml.obj
C:\Users\pmr2\Documents\GitHub\GameAI\GameAI\Debug\tinyxmlerror.obj
C:\Users\pmr2\Documents\GitHub\GameAI\GameAI\Debug\tinyxmlparser.obj
C:\Users\pmr2\Documents\GitHub\GameAI\GameAI\Debug\Waypoint.obj
C:\Users\pmr2\Documents\GitHub\GameAI\GameAI\Debug\WaypointManager.obj
C:\Users\pmr2\Documents\GitHub\GameAI\GameAI\Debug\cl.command.1.tlog
C:\Users\pmr2\Documents\GitHub\GameAI\GameAI\Debug\CL.read.1.tlog
C:\Users\pmr2\Documents\GitHub\GameAI\GameAI\Debug\CL.write.1.tlog
C:\Users\pmr2\Documents\GitHub\GameAI\GameAI\Debug\link.command.1.tlog
C:\Users\pmr2\Documents\GitHub\GameAI\GameAI\Debug\link.read.1.tlog
C:\Users\pmr2\Documents\GitHub\GameAI\GameAI\Debug\link.write.1.tlog
C:\Users\pmr2\Documents\GitHub\GameAI\GameAI\Debug\mt.command.1.tlog
C:\Users\pmr2\Documents\GitHub\GameAI\GameAI\Debug\mt.read.1.tlog
C:\Users\pmr2\Documents\GitHub\GameAI\GameAI\Debug\mt.write.1.tlog
C:\Users\pmr2\Documents\GitHub\GameAI\GameAI\Debug\GameAI.exe.intermediate.manifest
C:\Users\pmr2\Documents\GitHub\GameAI\GameAI\Debug\vc100.idb
C:\Users\pmr2\Documents\GitHub\GameAI\GameAI\Debug\vc100.pdb
C:\Users\pmr2\Documents\GitHub\GameAI\Debug\GameAI.pdb
C:\Users\pmr2\Documents\GitHub\GameAI\Debug\GameAI.exe
C:\Users\pmr2\Documents\GitHub\GameAI\Debug\GameAI.ilk
